Arguments: 
  /usr/local/bin/node /usr/local/Cellar/yarn/1.22.4/libexec/bin/yarn.js install

PATH: 
  /usr/local/bin:/usr/bin:/bin:/usr/sbin:/sbin:/Users/max/projects/taxi-api/node_modules/.bin

Yarn version: 
  1.22.4

Node version: 
  12.18.2

Platform: 
  darwin x64

Trace: 
  SyntaxError: /Users/max/projects/taxi-api/package.json: Unexpected token } in JSON at position 372
      at JSON.parse (<anonymous>)
      at /usr/local/Cellar/yarn/1.22.4/libexec/lib/cli.js:1625:59
      at Generator.next (<anonymous>)
      at step (/usr/local/Cellar/yarn/1.22.4/libexec/lib/cli.js:310:30)
      at /usr/local/Cellar/yarn/1.22.4/libexec/lib/cli.js:321:13

npm manifest: 
  {
    "name": "taxi-api",
    "version": "1.0.0",
    "description": "simple api for client",
    "main": "server.js",
    "license": "MIT",
    "scripts": {
      "start": "node server.js",
      "dev": "nodemon server.js",
      "test": "echo \"Error: no test specified\" && exit 1"
    },
    "devDependencies": {
      "nodemon": "^2.0.4"
    },
    "dependencies": {
      "express": "^4.17.1",
    }
  }

yarn manifest: 
  No manifest

Lockfile: 
  No lockfile
